{"/home/cristiann/Desktop/projects/full-stack-e-commerce/frontend/src/components/Footer.js": {"path":"/home/cristiann/Desktop/projects/full-stack-e-commerce/frontend/src/components/Footer.js","statementMap":{"0":{"start":{"line":4,"column":22},"end":{"line":12,"column":1}},"1":{"start":{"line":5,"column":4},"end":{"line":11,"column":6}}},"fnMap":{"0":{"name":"(anonymous_0)","decl":{"start":{"line":4,"column":22},"end":{"line":4,"column":23}},"loc":{"start":{"line":4,"column":28},"end":{"line":12,"column":1}},"line":4}},"branchMap":{},"s":{"0":1,"1":1},"f":{"0":1},"b":{},"_coverageSchema":"1a1c01bbd47fc00a2c39e90264f33305004495a9","hash":"8dc6aedaae095e01328b033c4b71ad60dbdc40a0"}
,"/home/cristiann/Desktop/projects/full-stack-e-commerce/frontend/src/components/Header.js": {"path":"/home/cristiann/Desktop/projects/full-stack-e-commerce/frontend/src/components/Header.js","statementMap":{"0":{"start":{"line":6,"column":22},"end":{"line":37,"column":1}},"1":{"start":{"line":8,"column":21},"end":{"line":13,"column":5}},"2":{"start":{"line":9,"column":8},"end":{"line":11,"column":11}},"3":{"start":{"line":12,"column":8},"end":{"line":12,"column":26}},"4":{"start":{"line":15,"column":24},"end":{"line":16,"column":50}},"5":{"start":{"line":20,"column":4},"end":{"line":36,"column":6}}},"fnMap":{"0":{"name":"(anonymous_0)","decl":{"start":{"line":6,"column":22},"end":{"line":6,"column":23}},"loc":{"start":{"line":6,"column":33},"end":{"line":37,"column":1}},"line":6},"1":{"name":"(anonymous_1)","decl":{"start":{"line":8,"column":21},"end":{"line":8,"column":22}},"loc":{"start":{"line":8,"column":33},"end":{"line":13,"column":5}},"line":8}},"branchMap":{"0":{"loc":{"start":{"line":15,"column":24},"end":{"line":16,"column":50}},"type":"cond-expr","locations":[{"start":{"line":15,"column":37},"end":{"line":15,"column":85}},{"start":{"line":16,"column":10},"end":{"line":16,"column":50}}],"line":15}},"s":{"0":1,"1":1,"2":0,"3":0,"4":1,"5":1},"f":{"0":1,"1":0},"b":{"0":[0,1]},"_coverageSchema":"1a1c01bbd47fc00a2c39e90264f33305004495a9","hash":"f26ffdcdc9258319c9246cee9e4de474619cb1f5"}
}
